{"/Users/matias.serafini/projects/matiasSerafini_pokeFind/src/App.js": {"path":"/Users/matias.serafini/projects/matiasSerafini_pokeFind/src/App.js","statementMap":{"0":{"start":{"line":7,"column":38},"end":{"line":7,"column":53}},"1":{"start":{"line":8,"column":44},"end":{"line":8,"column":58}},"2":{"start":{"line":9,"column":34},"end":{"line":9,"column":44}},"3":{"start":{"line":11,"column":30},"end":{"line":21,"column":3}},"4":{"start":{"line":12,"column":4},"end":{"line":20,"column":9}},"5":{"start":{"line":13,"column":21},"end":{"line":13,"column":32}},"6":{"start":{"line":15,"column":8},"end":{"line":15,"column":31}},"7":{"start":{"line":16,"column":8},"end":{"line":16,"column":28}},"8":{"start":{"line":19,"column":8},"end":{"line":19,"column":25}},"9":{"start":{"line":23,"column":28},"end":{"line":25,"column":8}},"10":{"start":{"line":24,"column":4},"end":{"line":24,"column":40}},"11":{"start":{"line":28,"column":2},"end":{"line":35,"column":9}},"12":{"start":{"line":29,"column":4},"end":{"line":34,"column":5}},"13":{"start":{"line":30,"column":21},"end":{"line":30,"column":32}},"14":{"start":{"line":32,"column":8},"end":{"line":32,"column":26}},"15":{"start":{"line":37,"column":27},"end":{"line":44,"column":3}},"16":{"start":{"line":38,"column":4},"end":{"line":43,"column":5}},"17":{"start":{"line":39,"column":21},"end":{"line":39,"column":32}},"18":{"start":{"line":41,"column":8},"end":{"line":41,"column":26}},"19":{"start":{"line":46,"column":2},"end":{"line":67,"column":4}},"20":{"start":{"line":55,"column":12},"end":{"line":55,"column":79}},"21":{"start":{"line":63,"column":57},"end":{"line":63,"column":85}},"22":{"start":{"line":64,"column":57},"end":{"line":64,"column":81}}},"fnMap":{"0":{"name":"App","decl":{"start":{"line":6,"column":9},"end":{"line":6,"column":12}},"loc":{"start":{"line":6,"column":15},"end":{"line":68,"column":1}},"line":6},"1":{"name":"(anonymous_1)","decl":{"start":{"line":11,"column":30},"end":{"line":11,"column":31}},"loc":{"start":{"line":11,"column":40},"end":{"line":21,"column":3}},"line":11},"2":{"name":"(anonymous_2)","decl":{"start":{"line":13,"column":12},"end":{"line":13,"column":13}},"loc":{"start":{"line":13,"column":21},"end":{"line":13,"column":32}},"line":13},"3":{"name":"(anonymous_3)","decl":{"start":{"line":14,"column":12},"end":{"line":14,"column":13}},"loc":{"start":{"line":14,"column":22},"end":{"line":17,"column":7}},"line":14},"4":{"name":"(anonymous_4)","decl":{"start":{"line":18,"column":13},"end":{"line":18,"column":14}},"loc":{"start":{"line":18,"column":22},"end":{"line":20,"column":7}},"line":18},"5":{"name":"(anonymous_5)","decl":{"start":{"line":23,"column":40},"end":{"line":23,"column":41}},"loc":{"start":{"line":23,"column":47},"end":{"line":25,"column":3}},"line":23},"6":{"name":"(anonymous_6)","decl":{"start":{"line":28,"column":12},"end":{"line":28,"column":13}},"loc":{"start":{"line":28,"column":18},"end":{"line":35,"column":3}},"line":28},"7":{"name":"(anonymous_7)","decl":{"start":{"line":30,"column":12},"end":{"line":30,"column":13}},"loc":{"start":{"line":30,"column":21},"end":{"line":30,"column":32}},"line":30},"8":{"name":"(anonymous_8)","decl":{"start":{"line":31,"column":12},"end":{"line":31,"column":13}},"loc":{"start":{"line":31,"column":22},"end":{"line":33,"column":7}},"line":31},"9":{"name":"(anonymous_9)","decl":{"start":{"line":37,"column":27},"end":{"line":37,"column":28}},"loc":{"start":{"line":37,"column":37},"end":{"line":44,"column":3}},"line":37},"10":{"name":"(anonymous_10)","decl":{"start":{"line":39,"column":12},"end":{"line":39,"column":13}},"loc":{"start":{"line":39,"column":21},"end":{"line":39,"column":32}},"line":39},"11":{"name":"(anonymous_11)","decl":{"start":{"line":40,"column":12},"end":{"line":40,"column":13}},"loc":{"start":{"line":40,"column":22},"end":{"line":42,"column":7}},"line":40},"12":{"name":"(anonymous_12)","decl":{"start":{"line":54,"column":34},"end":{"line":54,"column":35}},"loc":{"start":{"line":55,"column":12},"end":{"line":55,"column":79}},"line":55},"13":{"name":"(anonymous_13)","decl":{"start":{"line":63,"column":51},"end":{"line":63,"column":52}},"loc":{"start":{"line":63,"column":57},"end":{"line":63,"column":85}},"line":63},"14":{"name":"(anonymous_14)","decl":{"start":{"line":64,"column":51},"end":{"line":64,"column":52}},"loc":{"start":{"line":64,"column":57},"end":{"line":64,"column":81}},"line":64}},"branchMap":{"0":{"loc":{"start":{"line":12,"column":4},"end":{"line":20,"column":8}},"type":"binary-expr","locations":[{"start":{"line":12,"column":4},"end":{"line":12,"column":8}},{"start":{"line":12,"column":12},"end":{"line":20,"column":8}}],"line":12},"1":{"loc":{"start":{"line":59,"column":11},"end":{"line":59,"column":69}},"type":"cond-expr","locations":[{"start":{"line":59,"column":24},"end":{"line":59,"column":62}},{"start":{"line":59,"column":65},"end":{"line":59,"column":69}}],"line":59}},"s":{"0":1,"1":1,"2":1,"3":1,"4":0,"5":0,"6":0,"7":0,"8":0,"9":1,"10":0,"11":1,"12":1,"13":0,"14":0,"15":1,"16":0,"17":0,"18":0,"19":1,"20":0,"21":0,"22":0},"f":{"0":1,"1":0,"2":0,"3":0,"4":0,"5":0,"6":1,"7":0,"8":0,"9":0,"10":0,"11":0,"12":0,"13":0,"14":0},"b":{"0":[0,0],"1":[0,1]},"_coverageSchema":"1a1c01bbd47fc00a2c39e90264f33305004495a9","hash":"09609735b6a3b89cd9a9650683d6a70731946708"}
,"/Users/matias.serafini/projects/matiasSerafini_pokeFind/src/index.js": {"path":"/Users/matias.serafini/projects/matiasSerafini_pokeFind/src/index.js","statementMap":{"0":{"start":{"line":7,"column":13},"end":{"line":7,"column":65}},"1":{"start":{"line":8,"column":0},"end":{"line":12,"column":2}},"2":{"start":{"line":17,"column":0},"end":{"line":17,"column":18}}},"fnMap":{},"branchMap":{},"s":{"0":0,"1":0,"2":0},"f":{},"b":{}}
,"/Users/matias.serafini/projects/matiasSerafini_pokeFind/src/reportWebVitals.js": {"path":"/Users/matias.serafini/projects/matiasSerafini_pokeFind/src/reportWebVitals.js","statementMap":{"0":{"start":{"line":1,"column":24},"end":{"line":11,"column":1}},"1":{"start":{"line":2,"column":2},"end":{"line":10,"column":3}},"2":{"start":{"line":3,"column":4},"end":{"line":9,"column":7}},"3":{"start":{"line":4,"column":6},"end":{"line":4,"column":26}},"4":{"start":{"line":5,"column":6},"end":{"line":5,"column":26}},"5":{"start":{"line":6,"column":6},"end":{"line":6,"column":26}},"6":{"start":{"line":7,"column":6},"end":{"line":7,"column":26}},"7":{"start":{"line":8,"column":6},"end":{"line":8,"column":27}}},"fnMap":{"0":{"name":"(anonymous_0)","decl":{"start":{"line":1,"column":24},"end":{"line":1,"column":25}},"loc":{"start":{"line":1,"column":39},"end":{"line":11,"column":1}},"line":1},"1":{"name":"(anonymous_1)","decl":{"start":{"line":3,"column":30},"end":{"line":3,"column":31}},"loc":{"start":{"line":3,"column":79},"end":{"line":9,"column":5}},"line":3}},"branchMap":{"0":{"loc":{"start":{"line":2,"column":2},"end":{"line":10,"column":3}},"type":"if","locations":[{"start":{"line":2,"column":2},"end":{"line":10,"column":3}},{"start":{},"end":{}}],"line":2},"1":{"loc":{"start":{"line":2,"column":6},"end":{"line":2,"column":52}},"type":"binary-expr","locations":[{"start":{"line":2,"column":6},"end":{"line":2,"column":17}},{"start":{"line":2,"column":21},"end":{"line":2,"column":52}}],"line":2}},"s":{"0":0,"1":0,"2":0,"3":0,"4":0,"5":0,"6":0,"7":0},"f":{"0":0,"1":0},"b":{"0":[0,0],"1":[0,0]}}
,"/Users/matias.serafini/projects/matiasSerafini_pokeFind/src/components/Card/Card.js": {"path":"/Users/matias.serafini/projects/matiasSerafini_pokeFind/src/components/Card/Card.js","statementMap":{"0":{"start":{"line":4,"column":13},"end":{"line":23,"column":1}},"1":{"start":{"line":5,"column":40},"end":{"line":5,"column":54}},"2":{"start":{"line":7,"column":2},"end":{"line":14,"column":15}},"3":{"start":{"line":8,"column":4},"end":{"line":13,"column":6}},"4":{"start":{"line":9,"column":21},"end":{"line":9,"column":32}},"5":{"start":{"line":11,"column":8},"end":{"line":11,"column":29}},"6":{"start":{"line":16,"column":2},"end":{"line":22,"column":4}},"7":{"start":{"line":17,"column":60},"end":{"line":17,"column":98}}},"fnMap":{"0":{"name":"(anonymous_0)","decl":{"start":{"line":4,"column":13},"end":{"line":4,"column":14}},"loc":{"start":{"line":4,"column":51},"end":{"line":23,"column":1}},"line":4},"1":{"name":"(anonymous_1)","decl":{"start":{"line":7,"column":12},"end":{"line":7,"column":13}},"loc":{"start":{"line":7,"column":18},"end":{"line":14,"column":3}},"line":7},"2":{"name":"(anonymous_2)","decl":{"start":{"line":9,"column":12},"end":{"line":9,"column":13}},"loc":{"start":{"line":9,"column":21},"end":{"line":9,"column":32}},"line":9},"3":{"name":"(anonymous_3)","decl":{"start":{"line":10,"column":12},"end":{"line":10,"column":13}},"loc":{"start":{"line":10,"column":22},"end":{"line":12,"column":7}},"line":10},"4":{"name":"(anonymous_4)","decl":{"start":{"line":17,"column":54},"end":{"line":17,"column":55}},"loc":{"start":{"line":17,"column":60},"end":{"line":17,"column":98}},"line":17}},"branchMap":{},"s":{"0":1,"1":0,"2":0,"3":0,"4":0,"5":0,"6":0,"7":0},"f":{"0":0,"1":0,"2":0,"3":0,"4":0},"b":{},"_coverageSchema":"1a1c01bbd47fc00a2c39e90264f33305004495a9","hash":"e9f0b28db6499904376d4734e7174c766a48ba11"}
,"/Users/matias.serafini/projects/matiasSerafini_pokeFind/src/components/CardDetail/CardDetail.js": {"path":"/Users/matias.serafini/projects/matiasSerafini_pokeFind/src/components/CardDetail/CardDetail.js","statementMap":{"0":{"start":{"line":4,"column":19},"end":{"line":48,"column":1}},"1":{"start":{"line":5,"column":23},"end":{"line":15,"column":3}},"2":{"start":{"line":6,"column":20},"end":{"line":6,"column":22}},"3":{"start":{"line":7,"column":4},"end":{"line":13,"column":5}},"4":{"start":{"line":8,"column":6},"end":{"line":12,"column":7}},"5":{"start":{"line":9,"column":8},"end":{"line":11,"column":10}},"6":{"start":{"line":14,"column":4},"end":{"line":14,"column":19}},"7":{"start":{"line":17,"column":2},"end":{"line":47,"column":4}},"8":{"start":{"line":26,"column":12},"end":{"line":26,"column":61}},"9":{"start":{"line":42,"column":12},"end":{"line":42,"column":39}}},"fnMap":{"0":{"name":"(anonymous_0)","decl":{"start":{"line":4,"column":19},"end":{"line":4,"column":20}},"loc":{"start":{"line":4,"column":36},"end":{"line":48,"column":1}},"line":4},"1":{"name":"(anonymous_1)","decl":{"start":{"line":5,"column":23},"end":{"line":5,"column":24}},"loc":{"start":{"line":5,"column":29},"end":{"line":15,"column":3}},"line":5},"2":{"name":"(anonymous_2)","decl":{"start":{"line":25,"column":31},"end":{"line":25,"column":32}},"loc":{"start":{"line":26,"column":12},"end":{"line":26,"column":61}},"line":26},"3":{"name":"(anonymous_3)","decl":{"start":{"line":41,"column":31},"end":{"line":41,"column":32}},"loc":{"start":{"line":42,"column":12},"end":{"line":42,"column":39}},"line":42}},"branchMap":{"0":{"loc":{"start":{"line":8,"column":6},"end":{"line":12,"column":7}},"type":"if","locations":[{"start":{"line":8,"column":6},"end":{"line":12,"column":7}},{"start":{},"end":{}}],"line":8},"1":{"loc":{"start":{"line":9,"column":8},"end":{"line":11,"column":9}},"type":"binary-expr","locations":[{"start":{"line":9,"column":8},"end":{"line":9,"column":29}},{"start":{"line":9,"column":33},"end":{"line":11,"column":9}}],"line":9}},"s":{"0":1,"1":0,"2":0,"3":0,"4":0,"5":0,"6":0,"7":0,"8":0,"9":0},"f":{"0":0,"1":0,"2":0,"3":0},"b":{"0":[0,0],"1":[0,0]},"_coverageSchema":"1a1c01bbd47fc00a2c39e90264f33305004495a9","hash":"c19acf1d0bc719e2e521ec30b579b75df5550742"}
}
